<?xml version="1.0" encoding="UTF-8"?>
<!-- Generated by org.testng.reporters.JUnitReportReporter -->
<testsuite hostname="LAPTOP-LFU0PBV8" failures="0" tests="1" name="gitTest1.testCode" time="0.008" errors="0" timestamp="2022-05-26T19:13:09 EDT" skipped="0">
  <testcase classname="gitTest1.testCode" name="testMaven" time="0.008"/>
  <system-out/>
</testsuite> <!-- gitTest1.testCode -->
